
CondaValueError: prefix already exists: /mnt/beegfs/hellgate/home/tb208541/.conda/envs/Test

warning: virtual workspace defaulting to `resolver = "1"` despite one or more workspace members being on edition 2021 which implies `resolver = "2"`
note: to keep the current resolver, specify `workspace.resolver = "1"` in the workspace root's manifest
note: to use the edition 2021 resolver, specify `workspace.resolver = "2"` in the workspace root's manifest
note: for more details see https://doc.rust-lang.org/cargo/reference/resolver.html#resolver-versions
    Blocking waiting for file lock on build directory
warning: variable does not need to be mutable
   --> libs/graph_analyze/src/main.rs:348:9
    |
348 |     let mut lines = file_reader.lines();
    |         ----^^^^^
    |         |
    |         help: remove this `mut`
    |
    = note: `#[warn(unused_mut)]` on by default

warning: unused variable: `edges`
  --> libs/super_source_and_sink/src/main.rs:72:26
   |
72 |     let (mut full_nodes, edges) = read_edges_with_weights(edge_file)?;
   |                          ^^^^^ help: if this is intentional, prefix it with an underscore: `_edges`
   |
   = note: `#[warn(unused_variables)]` on by default

warning: comparison is useless due to type limits
  --> libs/mer_graph/src/main.rs:25:31
   |
25 |                 let edge = if k >= 0 {
   |                               ^^^^^^
   |
   = note: `#[warn(unused_comparisons)]` on by default

warning: `graph_analyzer` (bin "graph_analyzer") generated 1 warning (run `cargo fix --bin "graph_analyzer"` to apply 1 suggestion)
warning: `super_source_and_sink` (bin "super_source_and_sink") generated 1 warning
warning: `mer_graph` (bin "mer_graph") generated 1 warning
    Finished `release` profile [optimized] target(s) in 6m 39s
